2023-Jun-11 14:29:13 Наличие необходимых модулей php (check_php_modules): Ok
Все необходимые модули установлены
2023-Jun-11 14:29:13 Обязательные параметры PHP (check_php_settings): Fail
Ошибка! Значение max_input_vars должно быть не ниже 10000. Текущее значение: 1000
2023-Jun-11 14:29:13 Модули веб-сервера (check_security): Ok
Конфликтов не выявлено
2023-Jun-11 14:29:13 Значения переменных сервера (check_server_vars): Ok
Корректные
2023-Jun-11 14:29:14 Сохранение сессии (check_session): Ok
50% done
2023-Jun-11 14:29:14 Сохранение сессии (check_session): Ok
Успешно
2023-Jun-11 14:29:14 Параметры настройки UTF (mbstring и константа BX_UTF) (check_mbstring): Ok
Правильные. Сайт работает в UTF кодировке
2023-Jun-11 14:29:14 Служебные скрипты в корне сайта (check_install_scripts): Ok
Отсутствуют
2023-Jun-11 14:29:14 Работа с сокетами (check_socket): Ok
Connection to localhost:80	Success

Успешно
2023-Jun-11 14:29:14 Выполнение агентов на cron (check_bx_crontab): Warning
Замечание. Агенты выполняются на хитах, рекомендуется перевести выполнение агентов на cron
2023-Jun-11 14:29:14 Параметры подключения к базе данных (check_dbconn_settings): Ok
Успешно
2023-Jun-11 14:29:15 Лишний вывод в файлах конфигурации (check_dbconn): Ok
Connection to localhost:80	Success

Успешно
2023-Jun-11 14:29:15 Сохранение сессии без UserAgent (check_session_ua): Ok
50% done
Connection to localhost:80	Success

2023-Jun-11 14:29:15 Сохранение сессии без UserAgent (check_session_ua): Ok
Connection to localhost:80	Success

Успешно
2023-Jun-11 14:29:15 Настройки сайтов (check_sites): Ok
Правильные
2023-Jun-11 14:29:16 Передача объектов по ссылке (check_clone): Ok
Успешно
2023-Jun-11 14:29:16 Размер стека и pcre.recursion_limit (check_pcre_recursion): Ok
Connection to localhost:80	Success

Успешно
2023-Jun-11 14:29:16 Загрузка файла (check_upload): Ok
Connection to localhost:80	Success

Успешно
2023-Jun-11 14:29:16 Загрузка файла больше 4Мб (check_upload_big): Ok
Connection to localhost:80	Success

Успешно
2023-Jun-11 14:29:17 Загрузка файла через php://input (check_upload_raw): Ok
Connection to localhost:80	Success

Успешно
2023-Jun-11 14:29:17 Передача POST запроса с большим числом параметров (check_post): Ok
Connection to localhost:80	Success

Успешно
2023-Jun-11 14:29:17 Отправка почты (check_mail): Ok
Успешно
2023-Jun-11 14:29:17 Отправка почтового сообщения больше 64Кб (check_mail_big): Ok
Успешно
2023-Jun-11 14:29:17 Проверка на наличие неотправленных сообщений (check_mail_b_event): Ok
Успешно
2023-Jun-11 14:29:17 Внутреннее перенаправление (функция LocalRedirect) (check_localredirect): Ok
50% done
Connection to localhost:80	Success

2023-Jun-11 14:29:18 Внутреннее перенаправление (функция LocalRedirect) (check_localredirect): Ok
Connection to localhost:80	Success

Успешно
2023-Jun-11 14:29:18 Фактическое ограничение памяти (check_memory_limit): Ok
20% done
Connection to localhost:80	Success

2023-Jun-11 14:29:18 Фактическое ограничение памяти (check_memory_limit): Ok
40% done
Connection to localhost:80	Success

2023-Jun-11 14:29:18 Фактическое ограничение памяти (check_memory_limit): Ok
60% done
Connection to localhost:80	Success

2023-Jun-11 14:29:20 Фактическое ограничение памяти (check_memory_limit): Ok
80% done
Connection to localhost:80	Success

